TN:
SF:src/app.module.ts
FN:29,(anonymous_1)
FNF:1
FNH:0
FNDA:0,(anonymous_1)
DA:1,0
DA:2,0
DA:3,0
DA:4,0
DA:5,0
DA:6,0
DA:28,0
DA:30,0
LF:8
LH:0
BRF:0
BRH:0
end_of_record
TN:
SF:src/main.ts
FN:5,bootstrap
FNF:1
FNH:0
FNDA:0,bootstrap
DA:1,0
DA:2,0
DA:3,0
DA:6,0
DA:7,0
DA:8,0
DA:9,0
DA:10,0
DA:12,0
LF:9
LH:0
BRF:0
BRH:0
end_of_record
TN:
SF:src/core/middlewares/app.middleware.ts
FN:5,(anonymous_1)
FN:8,(anonymous_2)
FN:12,(anonymous_3)
FNF:3
FNH:0
FNDA:0,(anonymous_1)
FNDA:0,(anonymous_2)
FNDA:0,(anonymous_3)
DA:1,0
DA:5,0
DA:6,0
DA:9,0
DA:10,0
DA:12,0
DA:13,0
DA:14,0
DA:15,0
DA:18,0
LF:10
LH:0
BRF:0
BRH:0
end_of_record
TN:
SF:src/core/utils/parse-query.ts
FN:1,parseQuery
FN:15,(anonymous_1)
FNF:2
FNH:0
FNDA:0,parseQuery
FNDA:0,(anonymous_1)
DA:1,2
DA:2,0
DA:3,0
DA:4,0
DA:6,0
DA:7,0
DA:8,0
DA:10,0
DA:11,0
DA:12,0
DA:14,0
DA:15,0
DA:16,0
DA:18,0
LF:14
LH:1
BRDA:2,0,0,0
BRDA:2,1,0,0
BRDA:2,1,1,0
BRDA:2,2,0,0
BRDA:2,2,1,0
BRDA:2,3,0,0
BRDA:2,3,1,0
BRDA:6,4,0,0
BRDA:6,5,0,0
BRDA:6,5,1,0
BRDA:6,6,0,0
BRDA:6,6,1,0
BRDA:10,7,0,0
BRDA:10,8,0,0
BRDA:10,8,1,0
BRDA:10,9,0,0
BRDA:10,9,1,0
BRDA:10,10,0,0
BRDA:10,10,1,0
BRDA:14,11,0,0
BRDA:14,12,0,0
BRDA:14,12,1,0
BRDA:14,13,0,0
BRDA:14,13,1,0
BRDA:14,14,0,0
BRDA:14,14,1,0
BRF:26
BRH:0
end_of_record
TN:
SF:src/orders/orders.module.ts
FNF:0
FNH:0
DA:1,0
DA:2,0
DA:3,0
DA:4,0
DA:5,0
DA:6,0
DA:19,0
LF:7
LH:0
BRF:0
BRH:0
end_of_record
TN:
SF:src/orders/controllers/orders.controllers.ts
FN:22,(anonymous_4)
FN:25,(anonymous_5)
FN:30,(anonymous_6)
FN:41,(anonymous_7)
FN:52,(anonymous_8)
FN:60,(anonymous_9)
FNF:6
FNH:0
FNDA:0,(anonymous_4)
FNDA:0,(anonymous_5)
FNDA:0,(anonymous_6)
FNDA:0,(anonymous_7)
FNDA:0,(anonymous_8)
FNDA:0,(anonymous_9)
DA:1,0
DA:14,0
DA:15,0
DA:18,0
DA:21,0
DA:22,0
DA:25,0
DA:26,0
DA:30,0
DA:31,0
DA:41,0
DA:42,0
DA:52,0
DA:56,0
DA:60,0
DA:63,0
LF:16
LH:0
BRF:0
BRH:0
end_of_record
TN:
SF:src/orders/dto/createOrder.dto.ts
FNF:0
FNH:0
DA:1,0
DA:8,0
DA:10,0
DA:12,0
DA:16,0
DA:20,0
LF:6
LH:0
BRF:0
BRH:0
end_of_record
TN:
SF:src/orders/dto/updateOrder.dto.ts
FNF:0
FNH:0
DA:1,0
DA:3,0
DA:6,0
DA:11,0
LF:4
LH:0
BRF:0
BRH:0
end_of_record
TN:
SF:src/orders/models/order-status.enum.ts
FN:1,(anonymous_0)
FNF:1
FNH:1
FNDA:2,(anonymous_0)
DA:1,2
DA:2,2
DA:3,2
DA:4,2
DA:5,2
LF:5
LH:5
BRDA:1,0,0,2
BRDA:1,0,1,2
BRF:2
BRH:2
end_of_record
TN:
SF:src/orders/models/order.entity.ts
FN:46,(anonymous_2)
FN:46,(anonymous_3)
FN:52,(anonymous_4)
FN:59,(anonymous_5)
FNF:4
FNH:0
FNDA:0,(anonymous_2)
FNDA:0,(anonymous_3)
FNDA:0,(anonymous_4)
FNDA:0,(anonymous_5)
DA:1,2
DA:2,2
DA:12,2
DA:15,2
DA:17,2
DA:21,2
DA:26,2
DA:31,2
DA:44,2
DA:46,0
DA:47,2
DA:52,0
DA:54,2
DA:59,0
DA:61,2
LF:15
LH:12
BRF:0
BRH:0
end_of_record
TN:
SF:src/orders/models/order.repository.ts
FN:9,(anonymous_1)
FN:15,(anonymous_2)
FNF:2
FNH:0
FNDA:0,(anonymous_1)
FNDA:0,(anonymous_2)
DA:1,2
DA:2,2
DA:3,2
DA:5,2
DA:8,2
DA:10,0
DA:11,0
DA:12,0
DA:16,0
DA:17,0
DA:18,0
DA:19,0
DA:21,0
DA:22,0
DA:24,0
LF:15
LH:5
BRDA:21,0,0,0
BRDA:21,1,0,0
BRDA:21,1,1,0
BRF:3
BRH:0
end_of_record
TN:
SF:src/orders/services/orders.services.ts
FN:16,(anonymous_4)
FN:21,(anonymous_5)
FN:25,(anonymous_6)
FN:33,(anonymous_7)
FN:37,(anonymous_8)
FN:57,(anonymous_9)
FN:83,(anonymous_10)
FNF:7
FNH:6
FNDA:9,(anonymous_4)
FNDA:1,(anonymous_5)
FNDA:2,(anonymous_6)
FNDA:0,(anonymous_7)
FNDA:3,(anonymous_8)
FNDA:2,(anonymous_9)
FNDA:5,(anonymous_10)
DA:1,1
DA:6,1
DA:10,1
DA:12,1
DA:15,1
DA:18,9
DA:22,1
DA:26,2
DA:27,2
DA:28,1
DA:30,1
DA:34,0
DA:38,3
DA:39,3
DA:43,3
DA:44,1
DA:47,2
DA:48,2
DA:49,1
DA:51,1
DA:53,2
DA:61,2
DA:62,2
DA:65,2
DA:66,1
DA:69,1
DA:74,1
DA:75,0
DA:77,1
DA:79,2
DA:84,5
LF:31
LH:29
BRDA:27,0,0,1
BRDA:43,1,0,1
BRDA:48,2,0,1
BRDA:65,3,0,1
BRDA:74,4,0,0
BRDA:84,5,0,5
BRDA:84,5,1,3
BRDA:84,6,0,0
BRDA:84,6,1,3
BRDA:84,7,0,3
BRDA:84,7,1,3
BRF:11
BRH:9
end_of_record
TN:
SF:src/payments/payments.module.ts
FNF:0
FNH:0
DA:1,0
DA:2,0
DA:3,0
DA:4,0
DA:5,0
DA:6,0
DA:7,0
DA:8,0
DA:20,0
LF:9
LH:0
BRF:0
BRH:0
end_of_record
TN:
SF:src/payments/controllers/payments.controllers.ts
FN:19,(anonymous_4)
FN:22,(anonymous_5)
FN:27,(anonymous_6)
FN:41,(anonymous_7)
FN:55,(anonymous_8)
FNF:5
FNH:0
FNDA:0,(anonymous_4)
FNDA:0,(anonymous_5)
FNDA:0,(anonymous_6)
FNDA:0,(anonymous_7)
FNDA:0,(anonymous_8)
DA:1,0
DA:12,0
DA:13,0
DA:18,0
DA:19,0
DA:22,0
DA:23,0
DA:27,0
DA:30,0
DA:41,0
DA:44,0
DA:55,0
DA:58,0
LF:13
LH:0
BRF:0
BRH:0
end_of_record
TN:
SF:src/payments/dto/createPayment.dto.ts
FN:38,(anonymous_2)
FNF:1
FNH:0
FNDA:0,(anonymous_2)
DA:1,0
DA:2,0
DA:11,0
DA:12,0
DA:13,0
DA:14,0
DA:15,0
DA:17,0
DA:20,0
DA:24,0
DA:28,0
DA:32,0
DA:35,0
DA:38,0
DA:39,0
DA:42,0
LF:16
LH:0
BRF:0
BRH:0
end_of_record
TN:
SF:src/payments/dto/paymentCardDto.dto.ts
FNF:0
FNH:0
DA:1,0
DA:3,0
DA:5,0
DA:8,0
DA:11,0
DA:14,0
LF:6
LH:0
BRF:0
BRH:0
end_of_record
TN:
SF:src/payments/models/payment-currency.enum.ts
FN:1,(anonymous_0)
FNF:1
FNH:1
FNDA:2,(anonymous_0)
DA:1,2
DA:2,2
LF:2
LH:2
BRDA:1,0,0,2
BRDA:1,0,1,2
BRF:2
BRH:2
end_of_record
TN:
SF:src/payments/models/payment-service.enum.ts
FN:1,(anonymous_0)
FNF:1
FNH:1
FNDA:2,(anonymous_0)
DA:1,2
DA:2,2
LF:2
LH:2
BRDA:1,0,0,2
BRDA:1,0,1,2
BRF:2
BRH:2
end_of_record
TN:
SF:src/payments/models/payment-status.enum.ts
FN:1,(anonymous_0)
FNF:1
FNH:1
FNDA:2,(anonymous_0)
DA:1,2
DA:2,2
DA:3,2
DA:4,2
LF:4
LH:4
BRDA:1,0,0,2
BRDA:1,0,1,2
BRF:2
BRH:2
end_of_record
TN:
SF:src/payments/models/payment.entity.ts
FN:49,(anonymous_2)
FN:49,(anonymous_3)
FN:57,(anonymous_4)
FN:64,(anonymous_5)
FNF:4
FNH:0
FNDA:0,(anonymous_2)
FNDA:0,(anonymous_3)
FNDA:0,(anonymous_4)
FNDA:0,(anonymous_5)
DA:1,2
DA:2,2
DA:12,2
DA:13,2
DA:14,2
DA:17,2
DA:19,2
DA:23,2
DA:30,2
DA:37,2
DA:44,2
DA:47,2
DA:49,0
DA:52,2
DA:57,0
DA:59,2
DA:64,0
DA:66,2
LF:18
LH:15
BRF:0
BRH:0
end_of_record
TN:
SF:src/payments/models/payment.repository.ts
FN:8,(anonymous_1)
FN:13,(anonymous_2)
FNF:2
FNH:0
FNDA:0,(anonymous_1)
FNDA:0,(anonymous_2)
DA:1,1
DA:2,1
DA:3,1
DA:7,1
DA:9,0
DA:10,0
DA:14,0
DA:15,0
DA:16,0
DA:17,0
DA:19,0
DA:20,0
DA:22,0
LF:13
LH:4
BRDA:19,0,0,0
BRDA:19,1,0,0
BRDA:19,1,1,0
BRF:3
BRH:0
end_of_record
TN:
SF:src/payments/services/payments.services.ts
FN:21,(anonymous_4)
FN:28,(anonymous_5)
FN:32,(anonymous_6)
FN:42,(anonymous_7)
FN:56,(anonymous_8)
FN:85,(anonymous_9)
FN:95,(anonymous_10)
FNF:7
FNH:7
FNDA:9,(anonymous_4)
FNDA:1,(anonymous_5)
FNDA:2,(anonymous_6)
FNDA:5,(anonymous_7)
FNDA:2,(anonymous_8)
FNDA:5,(anonymous_9)
FNDA:4,(anonymous_10)
DA:1,1
DA:6,1
DA:7,1
DA:9,1
DA:12,1
DA:13,1
DA:14,1
DA:16,1
DA:17,1
DA:20,1
DA:23,9
DA:24,9
DA:25,9
DA:29,1
DA:33,2
DA:36,2
DA:37,1
DA:39,1
DA:45,5
DA:46,5
DA:47,2
DA:48,2
DA:49,2
DA:50,2
DA:52,3
DA:60,2
DA:62,2
DA:64,2
DA:70,2
DA:71,2
DA:72,2
DA:73,2
DA:74,2
DA:76,2
DA:77,2
DA:79,2
DA:81,0
DA:86,5
DA:88,4
DA:89,2
DA:92,2
DA:96,4
LF:42
LH:41
BRDA:36,0,0,1
BRDA:62,1,0,2
BRDA:62,1,1,0
BRDA:88,2,0,2
BRDA:97,3,0,4
BRDA:97,3,1,3
BRF:6
BRH:5
end_of_record
TN:
SF:src/payments/services/stripe.services.ts
FN:9,(anonymous_2)
FN:15,(anonymous_3)
FN:23,(anonymous_4)
FNF:3
FNH:0
FNDA:0,(anonymous_2)
FNDA:0,(anonymous_3)
FNDA:0,(anonymous_4)
DA:1,1
DA:2,1
DA:3,1
DA:6,1
DA:9,0
DA:10,0
DA:16,0
DA:26,0
LF:8
LH:4
BRF:0
BRH:0
end_of_record
